# JRE version: OpenJDK Runtime Environment (8.0_152-b02) (build 1.8.0_152-release-1024-b02)
# Java VM: OpenJDK 64-Bit Server VM (25.152-b02 mixed mode windows-amd64 compressed oops)
Heap:
 PSYoungGen      total 457728K, used 173173K [0x00000000e0000000, 0x00000000fd900000, 0x0000000100000000)
  eden space 433152K, 36% used [0x00000000e0000000,0x00000000e9bba1f0,0x00000000fa700000)
  from space 24576K, 55% used [0x00000000fc100000,0x00000000fce632b8,0x00000000fd900000)
  to   space 25600K, 0% used [0x00000000fa700000,0x00000000fa700000,0x00000000fc000000)
 ParOldGen       total 87552K, used 52061K [0x00000000a0000000, 0x00000000a5580000, 0x00000000e0000000)
  object space 87552K, 59% used [0x00000000a0000000,0x00000000a32d7798,0x00000000a5580000)
 Metaspace       used 76565K, capacity 79780K, committed 80000K, reserved 1118208K
  class space    used 9856K, capacity 10606K, committed 10624K, reserved 1048576K
GC Heap History (10 events):
Event: 52.628 GC heap before
{Heap before GC invocations=13 (full 2):
 PSYoungGen      total 233984K, used 71576K [0x00000000e0000000, 0x00000000f0500000, 0x0000000100000000)
  eden space 215040K, 24% used [0x00000000e0000000,0x00000000e336ace0,0x00000000ed200000)
  from space 18944K, 99% used [0x00000000ee900000,0x00000000efb7b510,0x00000000efb80000)
  to   space 23552K, 0% used [0x00000000ed200000,0x00000000ed200000,0x00000000ee900000)
 ParOldGen       total 51712K, used 24556K [0x00000000a0000000, 0x00000000a3280000, 0x00000000e0000000)
  object space 51712K, 47% used [0x00000000a0000000,0x00000000a17fb2e0,0x00000000a3280000)
 Metaspace       used 57193K, capacity 58898K, committed 59008K, reserved 1099776K
  class space    used 7807K, capacity 8268K, committed 8320K, reserved 1048576K
Event: 52.749 GC heap after
Heap after GC invocations=13 (full 2):
 PSYoungGen      total 238592K, used 6616K [0x00000000e0000000, 0x00000000f6a00000, 0x0000000100000000)
  eden space 215040K, 0% used [0x00000000e0000000,0x00000000e0000000,0x00000000ed200000)
  from space 23552K, 28% used [0x00000000ed200000,0x00000000ed8760f0,0x00000000ee900000)
  to   space 23040K, 0% used [0x00000000f5380000,0x00000000f5380000,0x00000000f6a00000)
 ParOldGen       total 51712K, used 43431K [0x00000000a0000000, 0x00000000a3280000, 0x00000000e0000000)
  object space 51712K, 83% used [0x00000000a0000000,0x00000000a2a69cf8,0x00000000a3280000)
 Metaspace       used 57193K, capacity 58898K, committed 59008K, reserved 1099776K
  class space    used 7807K, capacity 8268K, committed 8320K, reserved 1048576K
}
Event: 52.749 GC heap before
{Heap before GC invocations=14 (full 3):
 PSYoungGen      total 238592K, used 6616K [0x00000000e0000000, 0x00000000f6a00000, 0x0000000100000000)
  eden space 215040K, 0% used [0x00000000e0000000,0x00000000e0000000,0x00000000ed200000)
  from space 23552K, 28% used [0x00000000ed200000,0x00000000ed8760f0,0x00000000ee900000)
  to   space 23040K, 0% used [0x00000000f5380000,0x00000000f5380000,0x00000000f6a00000)
 ParOldGen       total 51712K, used 43431K [0x00000000a0000000, 0x00000000a3280000, 0x00000000e0000000)
  object space 51712K, 83% used [0x00000000a0000000,0x00000000a2a69cf8,0x00000000a3280000)
 Metaspace       used 57193K, capacity 58898K, committed 59008K, reserved 1099776K
  class space    used 7807K, capacity 8268K, committed 8320K, reserved 1048576K
Event: 53.421 GC heap after
Heap after GC invocations=14 (full 3):
 PSYoungGen      total 238592K, used 0K [0x00000000e0000000, 0x00000000f6a00000, 0x0000000100000000)
  eden space 215040K, 0% used [0x00000000e0000000,0x00000000e0000000,0x00000000ed200000)
  from space 23552K, 0% used [0x00000000ed200000,0x00000000ed200000,0x00000000ee900000)
  to   space 23040K, 0% used [0x00000000f5380000,0x00000000f5380000,0x00000000f6a00000)
 ParOldGen       total 87552K, used 42159K [0x00000000a0000000, 0x00000000a5580000, 0x00000000e0000000)
  object space 87552K, 48% used [0x00000000a0000000,0x00000000a292bcb8,0x00000000a5580000)
 Metaspace       used 57193K, capacity 58898K, committed 59008K, reserved 1099776K
  class space    used 7807K, capacity 8268K, committed 8320K, reserved 1048576K
}
Event: 76.303 GC heap before
{Heap before GC invocations=15 (full 3):
 PSYoungGen      total 238592K, used 215040K [0x00000000e0000000, 0x00000000f6a00000, 0x0000000100000000)
  eden space 215040K, 100% used [0x00000000e0000000,0x00000000ed200000,0x00000000ed200000)
  from space 23552K, 0% used [0x00000000ed200000,0x00000000ed200000,0x00000000ee900000)
  to   space 23040K, 0% used [0x00000000f5380000,0x00000000f5380000,0x00000000f6a00000)
 ParOldGen       total 87552K, used 42159K [0x00000000a0000000, 0x00000000a5580000, 0x00000000e0000000)
  object space 87552K, 48% used [0x00000000a0000000,0x00000000a292bcb8,0x00000000a5580000)
 Metaspace       used 64238K, capacity 66516K, committed 66816K, reserved 1107968K
  class space    used 8537K, capacity 9099K, committed 9216K, reserved 1048576K
Event: 76.376 GC heap after
Heap after GC invocations=15 (full 3):
 PSYoungGen      total 331776K, used 22426K [0x00000000e0000000, 0x00000000f6980000, 0x0000000100000000)
  eden space 309248K, 0% used [0x00000000e0000000,0x00000000e0000000,0x00000000f2e00000)
  from space 22528K, 99% used [0x00000000f5380000,0x00000000f69669a0,0x00000000f6980000)
  to   space 26624K, 0% used [0x00000000f3580000,0x00000000f3580000,0x00000000f4f80000)
 ParOldGen       total 87552K, used 42167K [0x00000000a0000000, 0x00000000a5580000, 0x00000000e0000000)
  object space 87552K, 48% used [0x00000000a0000000,0x00000000a292dcb8,0x00000000a5580000)
 Metaspace       used 64238K, capacity 66516K, committed 66816K, reserved 1107968K
  class space    used 8537K, capacity 9099K, committed 9216K, reserved 1048576K
}
Event: 5085.117 GC heap before
{Heap before GC invocations=16 (full 3):
 PSYoungGen      total 331776K, used 331674K [0x00000000e0000000, 0x00000000f6980000, 0x0000000100000000)
  eden space 309248K, 100% used [0x00000000e0000000,0x00000000f2e00000,0x00000000f2e00000)
  from space 22528K, 99% used [0x00000000f5380000,0x00000000f69669a0,0x00000000f6980000)
  to   space 26624K, 0% used [0x00000000f3580000,0x00000000f3580000,0x00000000f4f80000)
 ParOldGen       total 87552K, used 42167K [0x00000000a0000000, 0x00000000a5580000, 0x00000000e0000000)
  object space 87552K, 48% used [0x00000000a0000000,0x00000000a292dcb8,0x00000000a5580000)
 Metaspace       used 67015K, capacity 69700K, committed 69888K, reserved 1110016K
  class space    used 8775K, capacity 9430K, committed 9472K, reserved 1048576K
Event: 5099.335 GC heap after
Heap after GC invocations=16 (full 3):
 PSYoungGen      total 343552K, used 6091K [0x00000000e0000000, 0x00000000fda00000, 0x0000000100000000)
  eden space 316928K, 0% used [0x00000000e0000000,0x00000000e0000000,0x00000000f3580000)
  from space 26624K, 22% used [0x00000000f3580000,0x00000000f3b72e00,0x00000000f4f80000)
  to   space 25600K, 0% used [0x00000000fc100000,0x00000000fc100000,0x00000000fda00000)
 ParOldGen       total 87552K, used 48037K [0x00000000a0000000, 0x00000000a5580000, 0x00000000e0000000)
  object space 87552K, 54% used [0x00000000a0000000,0x00000000a2ee94d8,0x00000000a5580000)
 Metaspace       used 67015K, capacity 69700K, committed 69888K, reserved 1110016K
  class space    used 8775K, capacity 9430K, committed 9472K, reserved 1048576K
}
Event: 5207.017 GC heap before
{Heap before GC invocations=17 (full 3):
 PSYoungGen      total 343552K, used 322813K [0x00000000e0000000, 0x00000000fda00000, 0x0000000100000000)
  eden space 316928K, 99% used [0x00000000e0000000,0x00000000f354c970,0x00000000f3580000)
  from space 26624K, 22% used [0x00000000f3580000,0x00000000f3b72e00,0x00000000f4f80000)
  to   space 25600K, 0% used [0x00000000fc100000,0x00000000fc100000,0x00000000fda00000)
 ParOldGen       total 87552K, used 48037K [0x00000000a0000000, 0x00000000a5580000, 0x00000000e0000000)
  object space 87552K, 54% used [0x00000000a0000000,0x00000000a2ee94d8,0x00000000a5580000)
 Metaspace       used 75045K, capacity 77984K, committed 78336K, reserved 1118208K
  class space    used 9676K, capacity 10394K, committed 10496K, reserved 1048576K
Event: 5207.140 GC heap after
Heap after GC invocations=17 (full 3):
 PSYoungGen      total 457728K, used 13708K [0x00000000e0000000, 0x00000000fd900000, 0x0000000100000000)
  eden space 433152K, 0% used [0x00000000e0000000,0x00000000e0000000,0x00000000fa700000)
  from space 24576K, 55% used [0x00000000fc100000,0x00000000fce632b8,0x00000000fd900000)
  to   space 25600K, 0% used [0x00000000fa700000,0x00000000fa700000,0x00000000fc000000)
 ParOldGen       total 87552K, used 52061K [0x00000000a0000000, 0x00000000a5580000, 0x00000000e0000000)
  object space 87552K, 59% used [0x00000000a0000000,0x00000000a32d7798,0x00000000a5580000)
 Metaspace       used 75045K, capacity 77984K, committed 78336K, reserved 1118208K
  class space    used 9676K, capacity 10394K, committed 10496K, reserved 1048576K
}

