# JRE version: OpenJDK Runtime Environment (8.0_152-b02) (build 1.8.0_152-release-1024-b02)
# Java VM: OpenJDK 64-Bit Server VM (25.152-b02 mixed mode windows-amd64 compressed oops)
Heap:
 PSYoungGen      total 49664K, used 45350K [0x00000000e0000000, 0x00000000e3800000, 0x0000000100000000)
  eden space 41984K, 98% used [0x00000000e0000000,0x00000000e2892a10,0x00000000e2900000)
  from space 7680K, 49% used [0x00000000e3080000,0x00000000e3437198,0x00000000e3800000)
  to   space 7680K, 0% used [0x00000000e2900000,0x00000000e2900000,0x00000000e3080000)
 ParOldGen       total 34816K, used 10124K [0x00000000a0000000, 0x00000000a2200000, 0x00000000e0000000)
  object space 34816K, 29% used [0x00000000a0000000,0x00000000a09e30f0,0x00000000a2200000)
 Metaspace       used 30028K, capacity 30546K, committed 30848K, reserved 1075200K
  class space    used 4213K, capacity 4394K, committed 4480K, reserved 1048576K
GC Heap History (10 events):
Event: 19.885 GC heap before
{Heap before GC invocations=7 (full 0):
 PSYoungGen      total 35840K, used 26903K [0x00000000e0000000, 0x00000000e2b80000, 0x0000000100000000)
  eden space 29696K, 69% used [0x00000000e0000000,0x00000000e144cb80,0x00000000e1d00000)
  from space 6144K, 99% used [0x00000000e2400000,0x00000000e29f9390,0x00000000e2a00000)
  to   space 7168K, 0% used [0x00000000e1d00000,0x00000000e1d00000,0x00000000e2400000)
 ParOldGen       total 42496K, used 6027K [0x00000000a0000000, 0x00000000a2980000, 0x00000000e0000000)
  object space 42496K, 14% used [0x00000000a0000000,0x00000000a05e2df0,0x00000000a2980000)
 Metaspace       used 20822K, capacity 21232K, committed 21248K, reserved 1067008K
  class space    used 2909K, capacity 3070K, committed 3072K, reserved 1048576K
Event: 19.902 GC heap after
Heap after GC invocations=7 (full 0):
 PSYoungGen      total 36352K, used 6403K [0x00000000e0000000, 0x00000000e2c80000, 0x0000000100000000)
  eden space 29184K, 0% used [0x00000000e0000000,0x00000000e0000000,0x00000000e1c80000)
  from space 7168K, 89% used [0x00000000e1d00000,0x00000000e2340fd8,0x00000000e2400000)
  to   space 8192K, 0% used [0x00000000e2480000,0x00000000e2480000,0x00000000e2c80000)
 ParOldGen       total 42496K, used 6723K [0x00000000a0000000, 0x00000000a2980000, 0x00000000e0000000)
  object space 42496K, 15% used [0x00000000a0000000,0x00000000a0690e30,0x00000000a2980000)
 Metaspace       used 20822K, capacity 21232K, committed 21248K, reserved 1067008K
  class space    used 2909K, capacity 3070K, committed 3072K, reserved 1048576K
}
Event: 19.902 GC heap before
{Heap before GC invocations=8 (full 1):
 PSYoungGen      total 36352K, used 6403K [0x00000000e0000000, 0x00000000e2c80000, 0x0000000100000000)
  eden space 29184K, 0% used [0x00000000e0000000,0x00000000e0000000,0x00000000e1c80000)
  from space 7168K, 89% used [0x00000000e1d00000,0x00000000e2340fd8,0x00000000e2400000)
  to   space 8192K, 0% used [0x00000000e2480000,0x00000000e2480000,0x00000000e2c80000)
 ParOldGen       total 42496K, used 6723K [0x00000000a0000000, 0x00000000a2980000, 0x00000000e0000000)
  object space 42496K, 15% used [0x00000000a0000000,0x00000000a0690e30,0x00000000a2980000)
 Metaspace       used 20822K, capacity 21232K, committed 21248K, reserved 1067008K
  class space    used 2909K, capacity 3070K, committed 3072K, reserved 1048576K
Event: 20.005 GC heap after
Heap after GC invocations=8 (full 1):
 PSYoungGen      total 36352K, used 0K [0x00000000e0000000, 0x00000000e2c80000, 0x0000000100000000)
  eden space 29184K, 0% used [0x00000000e0000000,0x00000000e0000000,0x00000000e1c80000)
  from space 7168K, 0% used [0x00000000e1d00000,0x00000000e1d00000,0x00000000e2400000)
  to   space 8192K, 0% used [0x00000000e2480000,0x00000000e2480000,0x00000000e2c80000)
 ParOldGen       total 34816K, used 8568K [0x00000000a0000000, 0x00000000a2200000, 0x00000000e0000000)
  object space 34816K, 24% used [0x00000000a0000000,0x00000000a085e070,0x00000000a2200000)
 Metaspace       used 20822K, capacity 21232K, committed 21248K, reserved 1067008K
  class space    used 2909K, capacity 3070K, committed 3072K, reserved 1048576K
}
Event: 21.605 GC heap before
{Heap before GC invocations=9 (full 1):
 PSYoungGen      total 36352K, used 29184K [0x00000000e0000000, 0x00000000e2c80000, 0x0000000100000000)
  eden space 29184K, 100% used [0x00000000e0000000,0x00000000e1c80000,0x00000000e1c80000)
  from space 7168K, 0% used [0x00000000e1d00000,0x00000000e1d00000,0x00000000e2400000)
  to   space 8192K, 0% used [0x00000000e2480000,0x00000000e2480000,0x00000000e2c80000)
 ParOldGen       total 34816K, used 8568K [0x00000000a0000000, 0x00000000a2200000, 0x00000000e0000000)
  object space 34816K, 24% used [0x00000000a0000000,0x00000000a085e070,0x00000000a2200000)
 Metaspace       used 23758K, capacity 24160K, committed 24448K, reserved 1071104K
  class space    used 3245K, capacity 3399K, committed 3456K, reserved 1048576K
Event: 21.612 GC heap after
Heap after GC invocations=9 (full 1):
 PSYoungGen      total 37888K, used 3518K [0x00000000e0000000, 0x00000000e3b80000, 0x0000000100000000)
  eden space 29696K, 0% used [0x00000000e0000000,0x00000000e0000000,0x00000000e1d00000)
  from space 8192K, 42% used [0x00000000e2480000,0x00000000e27efa98,0x00000000e2c80000)
  to   space 7680K, 0% used [0x00000000e1d00000,0x00000000e1d00000,0x00000000e2480000)
 ParOldGen       total 34816K, used 8576K [0x00000000a0000000, 0x00000000a2200000, 0x00000000e0000000)
  object space 34816K, 24% used [0x00000000a0000000,0x00000000a0860070,0x00000000a2200000)
 Metaspace       used 23758K, capacity 24160K, committed 24448K, reserved 1071104K
  class space    used 3245K, capacity 3399K, committed 3456K, reserved 1048576K
}
Event: 22.718 GC heap before
{Heap before GC invocations=10 (full 1):
 PSYoungGen      total 37888K, used 33214K [0x00000000e0000000, 0x00000000e3b80000, 0x0000000100000000)
  eden space 29696K, 100% used [0x00000000e0000000,0x00000000e1d00000,0x00000000e1d00000)
  from space 8192K, 42% used [0x00000000e2480000,0x00000000e27efa98,0x00000000e2c80000)
  to   space 7680K, 0% used [0x00000000e1d00000,0x00000000e1d00000,0x00000000e2480000)
 ParOldGen       total 34816K, used 8576K [0x00000000a0000000, 0x00000000a2200000, 0x00000000e0000000)
  object space 34816K, 24% used [0x00000000a0000000,0x00000000a0860070,0x00000000a2200000)
 Metaspace       used 26337K, capacity 26826K, committed 26880K, reserved 1073152K
  class space    used 3617K, capacity 3795K, committed 3840K, reserved 1048576K
Event: 22.748 GC heap after
Heap after GC invocations=10 (full 1):
 PSYoungGen      total 37376K, used 4739K [0x00000000e0000000, 0x00000000e3800000, 0x0000000100000000)
  eden space 29696K, 0% used [0x00000000e0000000,0x00000000e0000000,0x00000000e1d00000)
  from space 7680K, 61% used [0x00000000e1d00000,0x00000000e21a0cb0,0x00000000e2480000)
  to   space 7680K, 0% used [0x00000000e3080000,0x00000000e3080000,0x00000000e3800000)
 ParOldGen       total 34816K, used 8584K [0x00000000a0000000, 0x00000000a2200000, 0x00000000e0000000)
  object space 34816K, 24% used [0x00000000a0000000,0x00000000a0862070,0x00000000a2200000)
 Metaspace       used 26337K, capacity 26826K, committed 26880K, reserved 1073152K
  class space    used 3617K, capacity 3795K, committed 3840K, reserved 1048576K
}
Event: 23.532 GC heap before
{Heap before GC invocations=11 (full 1):
 PSYoungGen      total 37376K, used 34435K [0x00000000e0000000, 0x00000000e3800000, 0x0000000100000000)
  eden space 29696K, 100% used [0x00000000e0000000,0x00000000e1d00000,0x00000000e1d00000)
  from space 7680K, 61% used [0x00000000e1d00000,0x00000000e21a0cb0,0x00000000e2480000)
  to   space 7680K, 0% used [0x00000000e3080000,0x00000000e3080000,0x00000000e3800000)
 ParOldGen       total 34816K, used 8584K [0x00000000a0000000, 0x00000000a2200000, 0x00000000e0000000)
  object space 34816K, 24% used [0x00000000a0000000,0x00000000a0862070,0x00000000a2200000)
 Metaspace       used 28015K, capacity 28464K, committed 28672K, reserved 1073152K
  class space    used 3924K, capacity 4085K, committed 4096K, reserved 1048576K
Event: 23.541 GC heap after
Heap after GC invocations=11 (full 1):
 PSYoungGen      total 49664K, used 3804K [0x00000000e0000000, 0x00000000e3800000, 0x0000000100000000)
  eden space 41984K, 0% used [0x00000000e0000000,0x00000000e0000000,0x00000000e2900000)
  from space 7680K, 49% used [0x00000000e3080000,0x00000000e3437198,0x00000000e3800000)
  to   space 7680K, 0% used [0x00000000e2900000,0x00000000e2900000,0x00000000e3080000)
 ParOldGen       total 34816K, used 10124K [0x00000000a0000000, 0x00000000a2200000, 0x00000000e0000000)
  object space 34816K, 29% used [0x00000000a0000000,0x00000000a09e30f0,0x00000000a2200000)
 Metaspace       used 28015K, capacity 28464K, committed 28672K, reserved 1073152K
  class space    used 3924K, capacity 4085K, committed 4096K, reserved 1048576K
}

